Loading intel-compilers-19/19.0.0.117
  Loading requirement: intel-license gcc/8.2.0 intel-cc-19/19.0.0.117
    intel-fc-19/19.0.0.117
timestep 1
collisions 0
timestep 2
collisions 0
timestep 3
collisions 0
timestep 4
collisions 0
timestep 5
collisions 0
timestep 6
collisions 0
timestep 7
collisions 0
timestep 8
collisions 0
timestep 9
collisions 0
timestep 10
collisions 0
timestep 11
collisions 0
timestep 12
collisions 0
timestep 13
collisions 0
timestep 14
collisions 0
timestep 15
collisions 0
timestep 16
collisions 0
timestep 17
collisions 0
timestep 18
collisions 0
timestep 19
collisions 0
timestep 20
collisions 0
timestep 21
collisions 0
timestep 22
collisions 0
timestep 23
collisions 0
timestep 24
collisions 0
timestep 25
collisions 0
timestep 26
collisions 0
timestep 27
collisions 0
timestep 28
collisions 0
timestep 29
collisions 0
timestep 30
collisions 0
timestep 31
collisions 0
timestep 32
collisions 0
timestep 33
collisions 0
timestep 34
collisions 0
timestep 35
collisions 0
timestep 36
collisions 0
timestep 37
collisions 0
timestep 38
collisions 0
timestep 39
collisions 0
timestep 40
collisions 0
timestep 41
collisions 0
timestep 42
collisions 0
timestep 43
collisions 0
timestep 44
collisions 0
timestep 45
collisions 0
timestep 46
collisions 0
timestep 47
collisions 0
timestep 48
collisions 0
timestep 49
collisions 0
timestep 50
collisions 0
timestep 51
collisions 0
timestep 52
collisions 0
timestep 53
collisions 0
timestep 54
collisions 0
timestep 55
collisions 0
timestep 56
collisions 0
timestep 57
collisions 0
timestep 58
collisions 0
timestep 59
collisions 0
timestep 60
collisions 0
timestep 61
collisions 0
timestep 62
collisions 0
timestep 63
collisions 0
timestep 64
collisions 0
timestep 65
collisions 0
timestep 66
collisions 0
timestep 67
collisions 0
timestep 68
collisions 0
timestep 69
collisions 0
timestep 70
collisions 0
timestep 71
collisions 0
timestep 72
collisions 0
timestep 73
collisions 0
timestep 74
collisions 0
timestep 75
collisions 0
timestep 76
collisions 0
timestep 77
collisions 0
timestep 78
collisions 0
timestep 79
collisions 0
timestep 80
collisions 0
timestep 81
collisions 0
timestep 82
collisions 0
timestep 83
collisions 0
timestep 84
collisions 0
timestep 85
collisions 0
timestep 86
collisions 0
timestep 87
collisions 0
timestep 88
collisions 0
timestep 89
collisions 0
timestep 90
collisions 0
timestep 91
collisions 0
timestep 92
collisions 0
timestep 93
collisions 0
timestep 94
collisions 0
timestep 95
collisions 0
timestep 96
collisions 0
timestep 97
collisions 0
timestep 98
collisions 0
timestep 99
collisions 0
timestep 100
collisions 0
timestep 101
collisions 0
timestep 102
collisions 0
timestep 103
collisions 0
timestep 104
collisions 0
timestep 105
collisions 0
timestep 106
collisions 0
timestep 107
collisions 0
timestep 108
collisions 0
timestep 109
collisions 0
timestep 110
collisions 0
timestep 111
collisions 0
timestep 112
collisions 0
timestep 113
collisions 0
timestep 114
collisions 0
timestep 115
collisions 0
timestep 116
collisions 0
timestep 117
collisions 0
timestep 118
collisions 0
timestep 119
collisions 0
timestep 120
collisions 0
timestep 121
collisions 0
timestep 122
collisions 0
timestep 123
collisions 0
timestep 124
collisions 0
timestep 125
collisions 0
timestep 126
collisions 0
timestep 127
collisions 0
timestep 128
collisions 0
timestep 129
collisions 0
timestep 130
collisions 0
timestep 131
collisions 0
timestep 132
collisions 0
timestep 133
collisions 0
timestep 134
collisions 0
timestep 135
collisions 0
timestep 136
collisions 0
timestep 137
collisions 0
timestep 138
collisions 0
timestep 139
collisions 0
timestep 140
collisions 0
timestep 141
collisions 0
timestep 142
collisions 0
timestep 143
collisions 0
timestep 144
collisions 0
timestep 145
collisions 0
timestep 146
collisions 0
timestep 147
collisions 0
timestep 148
collisions 0
timestep 149
collisions 0
timestep 150
collisions 0
timestep 151
collisions 0
timestep 152
collisions 0
timestep 153
collisions 0
timestep 154
collisions 0
timestep 155
collisions 0
timestep 156
collisions 0
timestep 157
collisions 0
timestep 158
collisions 0
timestep 159
collisions 1
timestep 160
collisions 3
timestep 161
collisions 5
timestep 162
collisions 414
timestep 163
collisions 823
timestep 164
collisions 1232
timestep 165
collisions 1641
timestep 166
collisions 2050
timestep 167
collisions 2459
timestep 168
collisions 2868
timestep 169
collisions 3277
timestep 170
collisions 3686
timestep 171
collisions 4095
timestep 172
collisions 4504
timestep 173
collisions 4914
timestep 174
collisions 5324
timestep 175
collisions 5734
timestep 176
collisions 6144
timestep 177
collisions 6554
timestep 178
collisions 6964
timestep 179
collisions 7374
timestep 180
collisions 7784
timestep 181
collisions 8193
timestep 182
collisions 8602
timestep 183
collisions 8605
timestep 184
collisions 8608
timestep 185
collisions 8611
timestep 186
collisions 8614
timestep 187
collisions 8617
timestep 188
collisions 8620
timestep 189
collisions 8623
timestep 190
collisions 8626
timestep 191
collisions 8629
timestep 192
collisions 8632
timestep 193
collisions 8635
timestep 194
collisions 8638
timestep 195
collisions 8642
timestep 196
collisions 8646
timestep 197
collisions 8649
timestep 198
collisions 8652
timestep 199
collisions 8655
timestep 200
collisions 8658
timestep 201
collisions 8661
timestep 202
collisions 8664
timestep 203
collisions 8666
timestep 204
collisions 8668
timestep 205
collisions 8669
timestep 206
collisions 8670
timestep 207
collisions 8671
timestep 208
collisions 8672
timestep 209
collisions 8673
timestep 210
collisions 8674
timestep 211
collisions 8675
timestep 212
collisions 8676
timestep 213
collisions 8677
timestep 214
collisions 8678
timestep 215
collisions 8679
timestep 216
collisions 8683
timestep 217
collisions 8873
timestep 218
collisions 9211
timestep 219
collisions 9619
timestep 220
collisions 10027
timestep 221
collisions 10436
timestep 222
collisions 10845
timestep 223
collisions 11254
timestep 224
collisions 11663
timestep 225
collisions 12073
timestep 226
collisions 12483
timestep 227
collisions 12893
timestep 228
collisions 13304
timestep 229
collisions 13715
timestep 230
collisions 14126
timestep 231
collisions 14539
timestep 232
collisions 14954
timestep 233
collisions 15578
timestep 234
collisions 16397
timestep 235
collisions 17216
timestep 236
collisions 18035
timestep 237
collisions 18847
timestep 238
collisions 19489
timestep 239
collisions 20006
timestep 240
collisions 20418
timestep 241
collisions 20829
timestep 242
collisions 21240
timestep 243
collisions 21651
timestep 244
collisions 22062
timestep 245
collisions 22473
timestep 246
collisions 22883
timestep 247
collisions 23292
timestep 248
collisions 23701
timestep 249
collisions 24110
timestep 250
collisions 24519
timestep 251
collisions 24928
timestep 252
collisions 25337
timestep 253
collisions 25746
timestep 254
collisions 26153
timestep 255
collisions 26558
timestep 256
collisions 26803
timestep 257
collisions 26815
timestep 258
collisions 26817
timestep 259
collisions 26865
timestep 260
collisions 26977
timestep 261
collisions 27165
timestep 262
collisions 27431
timestep 263
collisions 27793
timestep 264
collisions 28202
timestep 265
collisions 28611
timestep 266
collisions 29020
timestep 267
collisions 29431
timestep 268
collisions 29842
timestep 269
collisions 30253
timestep 270
collisions 30664
timestep 271
collisions 31075
timestep 272
collisions 31486
timestep 273
collisions 31898
timestep 274
collisions 32310
timestep 275
collisions 32722
timestep 276
collisions 33133
timestep 277
collisions 33544
timestep 278
collisions 33952
timestep 279
collisions 34302
timestep 280
collisions 34615
timestep 281
collisions 34905
timestep 282
collisions 35126
timestep 283
collisions 35308
timestep 284
collisions 35482
timestep 285
collisions 35679
timestep 286
collisions 35945
timestep 287
collisions 36288
timestep 288
collisions 36681
timestep 289
collisions 37088
timestep 290
collisions 37498
timestep 291
collisions 37908
timestep 292
collisions 38318
timestep 293
collisions 38729
timestep 294
collisions 39140
timestep 295
collisions 39560
timestep 296
collisions 40011
timestep 297
collisions 40508
timestep 298
collisions 41031
timestep 299
collisions 41602
timestep 300
collisions 42201
timestep 301
collisions 42843
timestep 302
collisions 43497
timestep 303
collisions 44164
timestep 304
collisions 44801
timestep 305
collisions 45414
timestep 306
collisions 45958
timestep 307
collisions 46429
timestep 308
collisions 46861
timestep 309
collisions 47275
timestep 310
collisions 47684
timestep 311
collisions 48093
timestep 312
collisions 48495
timestep 313
collisions 48873
timestep 314
collisions 49216
timestep 315
collisions 49530
timestep 316
collisions 49821
timestep 317
collisions 50067
timestep 318
collisions 50261
timestep 319
collisions 50399
timestep 320
collisions 50499
timestep 321
collisions 50555
timestep 322
collisions 50587
timestep 323
collisions 50598
timestep 324
collisions 50608
timestep 325
collisions 50640
timestep 326
collisions 50708
timestep 327
collisions 50810
timestep 328
collisions 50939
timestep 329
collisions 51083
timestep 330
collisions 51244
timestep 331
collisions 51419
timestep 332
collisions 51609
timestep 333
collisions 51814
timestep 334
collisions 52029
timestep 335
collisions 52237
timestep 336
collisions 52437
timestep 337
collisions 52618
timestep 338
collisions 52776
timestep 339
collisions 52911
timestep 340
collisions 53004
timestep 341
collisions 53054
timestep 342
collisions 53081
timestep 343
collisions 53096
timestep 344
collisions 53101
timestep 345
collisions 53105
timestep 346
collisions 53109
timestep 347
collisions 53111
timestep 348
collisions 53112
timestep 349
collisions 53113
timestep 350
collisions 53114
timestep 351
collisions 53115
timestep 352
collisions 53117
timestep 353
collisions 53119
timestep 354
collisions 53121
timestep 355
collisions 53123
timestep 356
collisions 53125
timestep 357
collisions 53127
timestep 358
collisions 53130
timestep 359
collisions 53133
timestep 360
collisions 53136
timestep 361
collisions 53139
timestep 362
collisions 53142
timestep 363
collisions 53147
timestep 364
collisions 53153
timestep 365
collisions 53159
timestep 366
collisions 53167
timestep 367
collisions 53178
timestep 368
collisions 53189
timestep 369
collisions 53200
timestep 370
collisions 53213
timestep 371
collisions 53227
timestep 372
collisions 53243
timestep 373
collisions 53263
timestep 374
collisions 53289
timestep 375
collisions 53316
timestep 376
collisions 53349
timestep 377
collisions 53384
timestep 378
collisions 53421
timestep 379
collisions 53461
timestep 380
collisions 53506
timestep 381
collisions 53555
timestep 382
collisions 53605
timestep 383
collisions 53656
timestep 384
collisions 53710
timestep 385
collisions 53764
timestep 386
collisions 53821
timestep 387
collisions 53882
timestep 388
collisions 53943
timestep 389
collisions 54008
timestep 390
collisions 54073
timestep 391
collisions 54137
timestep 392
collisions 54205
timestep 393
collisions 54275
timestep 394
collisions 54346
timestep 395
collisions 54424
timestep 396
collisions 54499
timestep 397
collisions 54574
timestep 398
collisions 54650
timestep 399
collisions 54721
timestep 400
collisions 54796
timestep 401
collisions 54871
timestep 402
collisions 54946
timestep 403
collisions 55023
timestep 404
collisions 55100
timestep 405
collisions 55172
timestep 406
collisions 55243
timestep 407
collisions 55318
timestep 408
collisions 55394
timestep 409
collisions 55470
timestep 410
collisions 55547
timestep 411
collisions 55622
timestep 412
collisions 55701
timestep 413
collisions 55786
timestep 414
collisions 55870
timestep 415
collisions 55964
timestep 416
collisions 56062
timestep 417
collisions 56164
timestep 418
collisions 56269
timestep 419
collisions 56377
timestep 420
collisions 56494
timestep 421
collisions 56603
timestep 422
collisions 56717
timestep 423
collisions 56837
timestep 424
collisions 56964
timestep 425
collisions 57094
timestep 426
collisions 57233
timestep 427
collisions 57383
timestep 428
collisions 57533
timestep 429
collisions 57689
timestep 430
collisions 57846
timestep 431
collisions 58011
timestep 432
collisions 58183
timestep 433
collisions 58353
timestep 434
collisions 58526
timestep 435
collisions 58696
timestep 436
collisions 58865
timestep 437
collisions 59037
timestep 438
collisions 59211
timestep 439
collisions 59385
timestep 440
collisions 59555
timestep 441
collisions 59716
timestep 442
collisions 59863
timestep 443
collisions 60003
timestep 444
collisions 60138
timestep 445
collisions 60266
timestep 446
collisions 60386
timestep 447
collisions 60497
timestep 448
collisions 60606
timestep 449
collisions 60713
timestep 450
collisions 60819
timestep 451
collisions 60923
timestep 452
collisions 61026
timestep 453
collisions 61123
timestep 454
collisions 61221
timestep 455
collisions 61320
timestep 456
collisions 61419
timestep 457
collisions 61522
timestep 458
collisions 61625
timestep 459
collisions 61735
timestep 460
collisions 61848
timestep 461
collisions 61967
timestep 462
collisions 62086
timestep 463
collisions 62209
timestep 464
collisions 62337
timestep 465
collisions 62465
timestep 466
collisions 62590
timestep 467
collisions 62717
timestep 468
collisions 62844
timestep 469
collisions 62976
timestep 470
collisions 63104
timestep 471
collisions 63235
timestep 472
collisions 63369
timestep 473
collisions 63502
timestep 474
collisions 63635
timestep 475
collisions 63770
timestep 476
collisions 63904
timestep 477
collisions 64042
timestep 478
collisions 64177
timestep 479
collisions 64307
timestep 480
collisions 64435
timestep 481
collisions 64564
timestep 482
collisions 64691
timestep 483
collisions 64823
timestep 484
collisions 64956
timestep 485
collisions 65091
timestep 486
collisions 65215
timestep 487
collisions 65333
timestep 488
collisions 65448
timestep 489
collisions 65563
timestep 490
collisions 65680
timestep 491
collisions 65826
timestep 492
collisions 66009
timestep 493
collisions 66212
timestep 494
collisions 66445
timestep 495
collisions 66701
timestep 496
collisions 66983
timestep 497
collisions 67292
timestep 498
collisions 67626
timestep 499
collisions 68002
timestep 500
collisions 68404
500 timesteps took 124.682251 seconds
collisions 68827
500 timesteps took 124.706213 seconds

 Performance counter stats for './MD':

   379,653,613,238      cycles                                                      
   785,802,696,780      instructions              #    2.07  insn per cycle         
     5,714,856,311      cache-misses                                                
    89,810,676,956      branches                                                    
         7,558,923      branch-misses             #    0.01% of all branches        
               785      page-faults                                                 

     124.808661881 seconds time elapsed

     124.318316000 seconds user
       0.084756000 seconds sys


